0 info it worked if it ends with ok
1 verbose cli [ 'C:\\Program Files\\nodejs\\\\node.exe',
1 verbose cli   'C:\\Program Files\\nodejs\\node_modules\\npm\\bin\\npm-cli.js',
1 verbose cli   'install',
1 verbose cli   'foundation-icons' ]
2 info using npm@1.3.8
3 info using node@v0.10.17
4 verbose node symlink C:\Program Files\nodejs\\node.exe
5 verbose readDependencies using package.json deps
6 verbose cache add [ 'foundation-icons', null ]
7 verbose cache add name=undefined spec="foundation-icons" args=["foundation-icons",null]
8 verbose parsed url { protocol: null,
8 verbose parsed url   slashes: null,
8 verbose parsed url   auth: null,
8 verbose parsed url   host: null,
8 verbose parsed url   port: null,
8 verbose parsed url   hostname: null,
8 verbose parsed url   hash: null,
8 verbose parsed url   search: null,
8 verbose parsed url   query: null,
8 verbose parsed url   pathname: 'foundation-icons',
8 verbose parsed url   path: 'foundation-icons',
8 verbose parsed url   href: 'foundation-icons' }
9 silly lockFile 7d151145-foundation-icons foundation-icons
10 verbose lock foundation-icons C:\Users\Michael\AppData\Roaming\npm-cache\7d151145-foundation-icons.lock
11 silly lockFile 7d151145-foundation-icons foundation-icons
12 silly lockFile 7d151145-foundation-icons foundation-icons
13 verbose addNamed [ 'foundation-icons', '' ]
14 verbose addNamed [ null, '*' ]
15 silly lockFile 1865d506-foundation-icons foundation-icons@
16 verbose lock foundation-icons@ C:\Users\Michael\AppData\Roaming\npm-cache\1865d506-foundation-icons.lock
17 silly addNameRange { name: 'foundation-icons', range: '*', hasData: false }
18 verbose url raw foundation-icons
19 verbose url resolving [ 'https://registry.npmjs.org/', './foundation-icons' ]
20 verbose url resolved https://registry.npmjs.org/foundation-icons
21 info trying registry request attempt 1 at 20:29:30
22 http GET https://registry.npmjs.org/foundation-icons
23 http 404 https://registry.npmjs.org/foundation-icons
24 silly registry.get cb [ 404,
24 silly registry.get   { date: 'Fri, 05 Dec 2014 01:29:32 GMT',
24 silly registry.get     server: 'CouchDB/1.5.0 (Erlang OTP/R16B03)',
24 silly registry.get     'content-type': 'application/json',
24 silly registry.get     'cache-control': 'max-age=0',
24 silly registry.get     'content-length': '52',
24 silly registry.get     'accept-ranges': 'bytes',
24 silly registry.get     via: '1.1 varnish',
24 silly registry.get     age: '0',
24 silly registry.get     'x-served-by': 'cache-iad2133-IAD',
24 silly registry.get     'x-cache': 'MISS',
24 silly registry.get     'x-cache-hits': '0',
24 silly registry.get     'x-timer': 'S1417742971.995342,VS0,VE356',
24 silly registry.get     'keep-alive': 'timeout=10, max=50',
24 silly registry.get     connection: 'Keep-Alive' } ]
25 silly lockFile 1865d506-foundation-icons foundation-icons@
26 silly lockFile 1865d506-foundation-icons foundation-icons@
27 error 404 'foundation-icons' is not in the npm registry.
27 error 404 You should bug the author to publish it
27 error 404
27 error 404 Note that you can also install from a
27 error 404 tarball, folder, or http url, or git url.
28 error System Windows_NT 6.1.7601
29 error command "C:\\Program Files\\nodejs\\\\node.exe" "C:\\Program Files\\nodejs\\node_modules\\npm\\bin\\npm-cli.js" "install" "foundation-icons"
30 error cwd C:\Users\Michael\Desktop\ruby\JScart-Example
31 error node -v v0.10.17
32 error npm -v 1.3.8
33 error code E404
34 verbose exit [ 1, true ]
